-- Install configuration: "RelWithDebInfo"
-- Up-to-date: /home/iacos/project_iacos/prius_description/install/prius_description/share/prius_description/meshes
-- Up-to-date: /home/iacos/project_iacos/prius_description/install/prius_description/share/prius_description/meshes/steering_wheel.obj
-- Up-to-date: /home/iacos/project_iacos/prius_description/install/prius_description/share/prius_description/meshes/hybrid_body.obj
-- Up-to-date: /home/iacos/project_iacos/prius_description/install/prius_description/share/prius_description/meshes/Hybrid_Interior.png
-- Up-to-date: /home/iacos/project_iacos/prius_description/install/prius_description/share/prius_description/meshes/Wheels3.png
-- Up-to-date: /home/iacos/project_iacos/prius_description/install/prius_description/share/prius_description/meshes/Hybrid.png
-- Up-to-date: /home/iacos/project_iacos/prius_description/install/prius_description/share/prius_description/meshes/wheel.mtl
-- Up-to-date: /home/iacos/project_iacos/prius_description/install/prius_description/share/prius_description/meshes/wheel.obj
-- Up-to-date: /home/iacos/project_iacos/prius_description/install/prius_description/share/prius_description/meshes/hybrid_body.mtl
-- Up-to-date: /home/iacos/project_iacos/prius_description/install/prius_description/share/prius_description/meshes/steering_wheel.mtl
-- Up-to-date: /home/iacos/project_iacos/prius_description/install/prius_description/share/prius_description/urdf
-- Up-to-date: /home/iacos/project_iacos/prius_description/install/prius_description/share/prius_description/urdf/prius.urdf
-- Installing: /home/iacos/project_iacos/prius_description/install/prius_description/share/prius_description/model.config
-- Installing: /home/iacos/project_iacos/prius_description/install/prius_description/share/ament_index/resource_index/package_run_dependencies/prius_description
-- Installing: /home/iacos/project_iacos/prius_description/install/prius_description/share/ament_index/resource_index/parent_prefix_path/prius_description
-- Installing: /home/iacos/project_iacos/prius_description/install/prius_description/share/prius_description/environment/ament_prefix_path.sh
-- Installing: /home/iacos/project_iacos/prius_description/install/prius_description/share/prius_description/environment/ament_prefix_path.dsv
-- Installing: /home/iacos/project_iacos/prius_description/install/prius_description/share/prius_description/environment/path.sh
-- Installing: /home/iacos/project_iacos/prius_description/install/prius_description/share/prius_description/environment/path.dsv
-- Installing: /home/iacos/project_iacos/prius_description/install/prius_description/share/prius_description/local_setup.bash
-- Installing: /home/iacos/project_iacos/prius_description/install/prius_description/share/prius_description/local_setup.sh
-- Installing: /home/iacos/project_iacos/prius_description/install/prius_description/share/prius_description/local_setup.zsh
-- Installing: /home/iacos/project_iacos/prius_description/install/prius_description/share/prius_description/local_setup.dsv
-- Up-to-date: /home/iacos/project_iacos/prius_description/install/prius_description/share/prius_description/package.dsv
-- Installing: /home/iacos/project_iacos/prius_description/install/prius_description/share/ament_index/resource_index/packages/prius_description
-- Installing: /home/iacos/project_iacos/prius_description/install/prius_description/share/prius_description/cmake/prius_descriptionConfig.cmake
-- Installing: /home/iacos/project_iacos/prius_description/install/prius_description/share/prius_description/cmake/prius_descriptionConfig-version.cmake
-- Installing: /home/iacos/project_iacos/prius_description/install/prius_description/share/prius_description/package.xml
