[0.019s] Invoking command in '/home/iacos/project_iacos/prius_description/build/prius_description': CMAKE_PREFIX_PATH=/home/iacos/project_iacos/install/project_iacos:/opt/ros/foxy /usr/bin/cmake --build /home/iacos/project_iacos/prius_description/build/prius_description -- -j4 -l4
[0.058s] Invoked command in '/home/iacos/project_iacos/prius_description/build/prius_description' returned '0': CMAKE_PREFIX_PATH=/home/iacos/project_iacos/install/project_iacos:/opt/ros/foxy /usr/bin/cmake --build /home/iacos/project_iacos/prius_description/build/prius_description -- -j4 -l4
[0.087s] Invoking command in '/home/iacos/project_iacos/prius_description/build/prius_description': CMAKE_PREFIX_PATH=/home/iacos/project_iacos/install/project_iacos:/opt/ros/foxy /usr/bin/cmake --install /home/iacos/project_iacos/prius_description/build/prius_description
[0.093s] -- Install configuration: "RelWithDebInfo"
[0.093s] -- Up-to-date: /home/iacos/project_iacos/prius_description/install/prius_description/share/prius_description/meshes
[0.093s] -- Up-to-date: /home/iacos/project_iacos/prius_description/install/prius_description/share/prius_description/meshes/steering_wheel.obj
[0.093s] -- Up-to-date: /home/iacos/project_iacos/prius_description/install/prius_description/share/prius_description/meshes/hybrid_body.obj
[0.093s] -- Up-to-date: /home/iacos/project_iacos/prius_description/install/prius_description/share/prius_description/meshes/Hybrid_Interior.png
[0.093s] -- Up-to-date: /home/iacos/project_iacos/prius_description/install/prius_description/share/prius_description/meshes/Wheels3.png
[0.093s] -- Up-to-date: /home/iacos/project_iacos/prius_description/install/prius_description/share/prius_description/meshes/Hybrid.png
[0.093s] -- Up-to-date: /home/iacos/project_iacos/prius_description/install/prius_description/share/prius_description/meshes/wheel.mtl
[0.093s] -- Up-to-date: /home/iacos/project_iacos/prius_description/install/prius_description/share/prius_description/meshes/wheel.obj
[0.093s] -- Up-to-date: /home/iacos/project_iacos/prius_description/install/prius_description/share/prius_description/meshes/hybrid_body.mtl
[0.094s] -- Up-to-date: /home/iacos/project_iacos/prius_description/install/prius_description/share/prius_description/meshes/steering_wheel.mtl
[0.094s] -- Up-to-date: /home/iacos/project_iacos/prius_description/install/prius_description/share/prius_description/urdf
[0.094s] -- Up-to-date: /home/iacos/project_iacos/prius_description/install/prius_description/share/prius_description/urdf/prius.urdf
[0.094s] -- Installing: /home/iacos/project_iacos/prius_description/install/prius_description/share/prius_description/model.config
[0.094s] -- Installing: /home/iacos/project_iacos/prius_description/install/prius_description/share/ament_index/resource_index/package_run_dependencies/prius_description
[0.094s] -- Installing: /home/iacos/project_iacos/prius_description/install/prius_description/share/ament_index/resource_index/parent_prefix_path/prius_description
[0.094s] -- Installing: /home/iacos/project_iacos/prius_description/install/prius_description/share/prius_description/environment/ament_prefix_path.sh
[0.094s] -- Installing: /home/iacos/project_iacos/prius_description/install/prius_description/share/prius_description/environment/ament_prefix_path.dsv
[0.094s] -- Installing: /home/iacos/project_iacos/prius_description/install/prius_description/share/prius_description/environment/path.sh
[0.094s] -- Installing: /home/iacos/project_iacos/prius_description/install/prius_description/share/prius_description/environment/path.dsv
[0.095s] -- Installing: /home/iacos/project_iacos/prius_description/install/prius_description/share/prius_description/local_setup.bash
[0.095s] -- Installing: /home/iacos/project_iacos/prius_description/install/prius_description/share/prius_description/local_setup.sh
[0.095s] -- Installing: /home/iacos/project_iacos/prius_description/install/prius_description/share/prius_description/local_setup.zsh
[0.095s] -- Installing: /home/iacos/project_iacos/prius_description/install/prius_description/share/prius_description/local_setup.dsv
[0.095s] -- Up-to-date: /home/iacos/project_iacos/prius_description/install/prius_description/share/prius_description/package.dsv
[0.095s] -- Installing: /home/iacos/project_iacos/prius_description/install/prius_description/share/ament_index/resource_index/packages/prius_description
[0.095s] -- Installing: /home/iacos/project_iacos/prius_description/install/prius_description/share/prius_description/cmake/prius_descriptionConfig.cmake
[0.095s] -- Installing: /home/iacos/project_iacos/prius_description/install/prius_description/share/prius_description/cmake/prius_descriptionConfig-version.cmake
[0.095s] -- Installing: /home/iacos/project_iacos/prius_description/install/prius_description/share/prius_description/package.xml
[0.097s] Invoked command in '/home/iacos/project_iacos/prius_description/build/prius_description' returned '0': CMAKE_PREFIX_PATH=/home/iacos/project_iacos/install/project_iacos:/opt/ros/foxy /usr/bin/cmake --install /home/iacos/project_iacos/prius_description/build/prius_description
