[0.111s] DEBUG:colcon:Command line arguments: ['/usr/bin/colcon', 'build']
[0.111s] DEBUG:colcon:Parsed command line arguments: Namespace(ament_cmake_args=None, base_paths=['.'], build_base='build', catkin_cmake_args=None, catkin_skip_building_tests=False, cmake_args=['-DCMAKE_BUILD_TYPE=RelWithDebInfo'], cmake_clean_cache=False, cmake_clean_first=False, cmake_force_configure=False, cmake_target=None, cmake_target_skip_unavailable=False, continue_on_error=False, event_handlers=None, executor='parallel', ignore_user_meta=False, install_base='install', log_base=None, log_level=None, main=<bound method BuildVerb.main of <colcon_core.verb.build.BuildVerb object at 0x7f64dba4a370>>, merge_install=False, metas=['./colcon.meta'], mixin=None, mixin_files=None, mixin_verb=('build',), packages_above=None, packages_above_and_dependencies=None, packages_above_depth=None, packages_end=None, packages_ignore=None, packages_ignore_regex=None, packages_select=None, packages_select_build_failed=False, packages_select_by_dep=None, packages_select_regex=None, packages_select_test_failures=False, packages_skip=None, packages_skip_build_finished=False, packages_skip_by_dep=None, packages_skip_regex=None, packages_skip_test_passed=False, packages_skip_up_to=None, packages_start=None, packages_up_to=None, packages_up_to_regex=None, parallel_workers=4, paths=None, symlink_install=False, test_result_base=None, verb_extension=<colcon_core.verb.build.BuildVerb object at 0x7f64dba4a370>, verb_name='build', verb_parser=<colcon_mixin.mixin.mixin_argument.MixinArgumentDecorator object at 0x7f64dba4a9d0>)
[0.129s] Level 1:colcon.colcon_core.package_discovery:discover_packages(colcon_meta) check parameters
[0.129s] Level 1:colcon.colcon_core.package_discovery:discover_packages(recursive) check parameters
[0.129s] Level 1:colcon.colcon_core.package_discovery:discover_packages(ignore) check parameters
[0.129s] Level 1:colcon.colcon_core.package_discovery:discover_packages(path) check parameters
[0.129s] Level 1:colcon.colcon_core.package_discovery:discover_packages(colcon_meta) discover
[0.129s] Level 1:colcon.colcon_core.package_discovery:discover_packages(recursive) discover
[0.129s] INFO:colcon.colcon_core.package_discovery:Crawling recursively for packages in '/home/iacos/project_iacos/prius_description'
[0.129s] Level 1:colcon.colcon_core.package_identification:_identify(.) by extensions ['ignore', 'ignore_ament_install']
[0.129s] Level 1:colcon.colcon_core.package_identification:_identify(.) by extension 'ignore'
[0.129s] Level 1:colcon.colcon_core.package_identification:_identify(.) by extension 'ignore_ament_install'
[0.129s] Level 1:colcon.colcon_core.package_identification:_identify(.) by extensions ['colcon_pkg']
[0.129s] Level 1:colcon.colcon_core.package_identification:_identify(.) by extension 'colcon_pkg'
[0.129s] Level 1:colcon.colcon_core.package_identification:_identify(.) by extensions ['colcon_meta']
[0.129s] Level 1:colcon.colcon_core.package_identification:_identify(.) by extension 'colcon_meta'
[0.129s] Level 1:colcon.colcon_core.package_identification:_identify(.) by extensions ['ros']
[0.129s] Level 1:colcon.colcon_core.package_identification:_identify(.) by extension 'ros'
[0.153s] DEBUG:colcon.colcon_core.package_identification:Package '.' with type 'ros.ament_cmake' and name 'prius_description'
[0.153s] Level 1:colcon.colcon_core.package_discovery:discover_packages(recursive) using defaults
[0.153s] Level 1:colcon.colcon_core.package_discovery:discover_packages(ignore) discover
[0.153s] Level 1:colcon.colcon_core.package_discovery:discover_packages(ignore) using defaults
[0.153s] Level 1:colcon.colcon_core.package_discovery:discover_packages(path) discover
[0.153s] Level 1:colcon.colcon_core.package_discovery:discover_packages(path) using defaults
[0.168s] Level 5:colcon.colcon_core.verb:set package 'prius_description' build argument 'cmake_args' from command line to '['-DCMAKE_BUILD_TYPE=RelWithDebInfo']'
[0.168s] Level 5:colcon.colcon_core.verb:set package 'prius_description' build argument 'cmake_target' from command line to 'None'
[0.168s] Level 5:colcon.colcon_core.verb:set package 'prius_description' build argument 'cmake_target_skip_unavailable' from command line to 'False'
[0.168s] Level 5:colcon.colcon_core.verb:set package 'prius_description' build argument 'cmake_clean_cache' from command line to 'False'
[0.168s] Level 5:colcon.colcon_core.verb:set package 'prius_description' build argument 'cmake_clean_first' from command line to 'False'
[0.168s] Level 5:colcon.colcon_core.verb:set package 'prius_description' build argument 'cmake_force_configure' from command line to 'False'
[0.168s] Level 5:colcon.colcon_core.verb:set package 'prius_description' build argument 'ament_cmake_args' from command line to 'None'
[0.168s] Level 5:colcon.colcon_core.verb:set package 'prius_description' build argument 'catkin_cmake_args' from command line to 'None'
[0.169s] Level 5:colcon.colcon_core.verb:set package 'prius_description' build argument 'catkin_skip_building_tests' from command line to 'False'
[0.169s] DEBUG:colcon.colcon_core.verb:Building package 'prius_description' with the following arguments: {'ament_cmake_args': None, 'build_base': '/home/iacos/project_iacos/prius_description/build/prius_description', 'catkin_cmake_args': None, 'catkin_skip_building_tests': False, 'cmake_args': ['-DCMAKE_BUILD_TYPE=RelWithDebInfo'], 'cmake_clean_cache': False, 'cmake_clean_first': False, 'cmake_force_configure': False, 'cmake_target': None, 'cmake_target_skip_unavailable': False, 'install_base': '/home/iacos/project_iacos/prius_description/install/prius_description', 'merge_install': False, 'path': '/home/iacos/project_iacos/prius_description', 'symlink_install': False, 'test_result_base': None}
[0.169s] INFO:colcon.colcon_core.executor:Executing jobs using 'parallel' executor
[0.177s] DEBUG:colcon.colcon_parallel_executor.executor.parallel:run_until_complete
[0.177s] INFO:colcon.colcon_ros.task.ament_cmake.build:Building ROS package in '/home/iacos/project_iacos/prius_description' with build type 'ament_cmake'
[0.177s] INFO:colcon.colcon_cmake.task.cmake.build:Building CMake package in '/home/iacos/project_iacos/prius_description'
[0.182s] INFO:colcon.colcon_core.plugin_system:Skipping extension 'colcon_core.shell.bat': Not used on non-Windows systems
[0.182s] INFO:colcon.colcon_core.shell:Skip shell extension 'powershell' for command environment: Not usable outside of PowerShell
[0.182s] DEBUG:colcon.colcon_core.shell:Skip shell extension 'dsv' for command environment
[0.197s] DEBUG:colcon.colcon_core.event_handler.log_command:Invoking command in '/home/iacos/project_iacos/prius_description/build/prius_description': CMAKE_PREFIX_PATH=/home/iacos/project_iacos/install/project_iacos:/opt/ros/foxy /usr/bin/cmake --build /home/iacos/project_iacos/prius_description/build/prius_description -- -j4 -l4
[0.237s] DEBUG:colcon.colcon_core.event_handler.log_command:Invoked command in '/home/iacos/project_iacos/prius_description/build/prius_description' returned '0': CMAKE_PREFIX_PATH=/home/iacos/project_iacos/install/project_iacos:/opt/ros/foxy /usr/bin/cmake --build /home/iacos/project_iacos/prius_description/build/prius_description -- -j4 -l4
[0.266s] DEBUG:colcon.colcon_core.event_handler.log_command:Invoking command in '/home/iacos/project_iacos/prius_description/build/prius_description': CMAKE_PREFIX_PATH=/home/iacos/project_iacos/install/project_iacos:/opt/ros/foxy /usr/bin/cmake --install /home/iacos/project_iacos/prius_description/build/prius_description
[0.275s] Level 1:colcon.colcon_core.environment:create_environment_scripts_only(prius_description)
[0.275s] DEBUG:colcon.colcon_core.event_handler.log_command:Invoked command in '/home/iacos/project_iacos/prius_description/build/prius_description' returned '0': CMAKE_PREFIX_PATH=/home/iacos/project_iacos/install/project_iacos:/opt/ros/foxy /usr/bin/cmake --install /home/iacos/project_iacos/prius_description/build/prius_description
[0.279s] Level 1:colcon.colcon_core.environment:checking '/home/iacos/project_iacos/prius_description/install/prius_description' for CMake module files
[0.280s] Level 1:colcon.colcon_core.environment:checking '/home/iacos/project_iacos/prius_description/install/prius_description' for CMake config files
[0.280s] Level 1:colcon.colcon_core.shell:create_environment_hook('prius_description', 'cmake_prefix_path')
[0.281s] INFO:colcon.colcon_core.shell:Creating environment hook '/home/iacos/project_iacos/prius_description/install/prius_description/share/prius_description/hook/cmake_prefix_path.ps1'
[0.282s] INFO:colcon.colcon_core.shell:Creating environment descriptor '/home/iacos/project_iacos/prius_description/install/prius_description/share/prius_description/hook/cmake_prefix_path.dsv'
[0.282s] INFO:colcon.colcon_core.shell:Creating environment hook '/home/iacos/project_iacos/prius_description/install/prius_description/share/prius_description/hook/cmake_prefix_path.sh'
[0.282s] Level 1:colcon.colcon_core.environment:checking '/home/iacos/project_iacos/prius_description/install/prius_description/bin'
[0.283s] Level 1:colcon.colcon_core.environment:checking '/home/iacos/project_iacos/prius_description/install/prius_description/lib/pkgconfig/prius_description.pc'
[0.283s] Level 1:colcon.colcon_core.environment:checking '/home/iacos/project_iacos/prius_description/install/prius_description/lib/python3.8/site-packages'
[0.283s] Level 1:colcon.colcon_core.environment:checking '/home/iacos/project_iacos/prius_description/install/prius_description/bin'
[0.285s] INFO:colcon.colcon_core.shell:Creating package script '/home/iacos/project_iacos/prius_description/install/prius_description/share/prius_description/package.ps1'
[0.286s] INFO:colcon.colcon_core.shell:Creating package descriptor '/home/iacos/project_iacos/prius_description/install/prius_description/share/prius_description/package.dsv'
[0.287s] INFO:colcon.colcon_core.shell:Creating package script '/home/iacos/project_iacos/prius_description/install/prius_description/share/prius_description/package.sh'
[0.287s] INFO:colcon.colcon_core.shell:Creating package script '/home/iacos/project_iacos/prius_description/install/prius_description/share/prius_description/package.bash'
[0.288s] INFO:colcon.colcon_core.shell:Creating package script '/home/iacos/project_iacos/prius_description/install/prius_description/share/prius_description/package.zsh'
[0.288s] Level 1:colcon.colcon_core.environment:create_file_with_runtime_dependencies(/home/iacos/project_iacos/prius_description/install/prius_description/share/colcon-core/packages/prius_description)
[0.321s] Level 1:colcon.colcon_core.environment:create_environment_scripts_only(prius_description)
[0.322s] Level 1:colcon.colcon_core.environment:checking '/home/iacos/project_iacos/prius_description/install/prius_description' for CMake module files
[0.323s] Level 1:colcon.colcon_core.environment:checking '/home/iacos/project_iacos/prius_description/install/prius_description' for CMake config files
[0.323s] Level 1:colcon.colcon_core.shell:create_environment_hook('prius_description', 'cmake_prefix_path')
[0.324s] INFO:colcon.colcon_core.shell:Creating environment hook '/home/iacos/project_iacos/prius_description/install/prius_description/share/prius_description/hook/cmake_prefix_path.ps1'
[0.325s] INFO:colcon.colcon_core.shell:Creating environment descriptor '/home/iacos/project_iacos/prius_description/install/prius_description/share/prius_description/hook/cmake_prefix_path.dsv'
[0.325s] INFO:colcon.colcon_core.shell:Creating environment hook '/home/iacos/project_iacos/prius_description/install/prius_description/share/prius_description/hook/cmake_prefix_path.sh'
[0.326s] Level 1:colcon.colcon_core.environment:checking '/home/iacos/project_iacos/prius_description/install/prius_description/bin'
[0.326s] Level 1:colcon.colcon_core.environment:checking '/home/iacos/project_iacos/prius_description/install/prius_description/lib/pkgconfig/prius_description.pc'
[0.326s] Level 1:colcon.colcon_core.environment:checking '/home/iacos/project_iacos/prius_description/install/prius_description/lib/python3.8/site-packages'
[0.326s] Level 1:colcon.colcon_core.environment:checking '/home/iacos/project_iacos/prius_description/install/prius_description/bin'
[0.327s] INFO:colcon.colcon_core.shell:Creating package script '/home/iacos/project_iacos/prius_description/install/prius_description/share/prius_description/package.ps1'
[0.328s] INFO:colcon.colcon_core.shell:Creating package descriptor '/home/iacos/project_iacos/prius_description/install/prius_description/share/prius_description/package.dsv'
[0.328s] INFO:colcon.colcon_core.shell:Creating package script '/home/iacos/project_iacos/prius_description/install/prius_description/share/prius_description/package.sh'
[0.328s] INFO:colcon.colcon_core.shell:Creating package script '/home/iacos/project_iacos/prius_description/install/prius_description/share/prius_description/package.bash'
[0.329s] INFO:colcon.colcon_core.shell:Creating package script '/home/iacos/project_iacos/prius_description/install/prius_description/share/prius_description/package.zsh'
[0.329s] Level 1:colcon.colcon_core.environment:create_file_with_runtime_dependencies(/home/iacos/project_iacos/prius_description/install/prius_description/share/colcon-core/packages/prius_description)
[0.329s] DEBUG:colcon.colcon_parallel_executor.executor.parallel:closing loop
[0.330s] DEBUG:colcon.colcon_parallel_executor.executor.parallel:loop closed
[0.330s] DEBUG:colcon.colcon_parallel_executor.executor.parallel:run_until_complete finished with '0'
[0.330s] DEBUG:colcon.colcon_core.event_reactor:joining thread
[0.337s] INFO:colcon.colcon_core.plugin_system:Skipping extension 'colcon_notification.desktop_notification.notify_send': Could not find 'notify-send'
[0.337s] INFO:colcon.colcon_core.plugin_system:Skipping extension 'colcon_notification.desktop_notification.terminal_notifier': Not used on non-Darwin systems
[0.337s] INFO:colcon.colcon_core.plugin_system:Skipping extension 'colcon_notification.desktop_notification.win32': Not used on non-Windows systems
[0.337s] INFO:colcon.colcon_notification.desktop_notification:Sending desktop notification using 'notify2'
[0.351s] DEBUG:colcon.colcon_notification.desktop_notification.notify2:Failed to initialize notify2: org.freedesktop.DBus.Error.ServiceUnknown: The name org.freedesktop.Notifications was not provided by any .service files
[0.352s] DEBUG:colcon.colcon_core.event_reactor:joined thread
[0.354s] INFO:colcon.colcon_core.shell:Creating prefix script '/home/iacos/project_iacos/prius_description/install/local_setup.ps1'
[0.355s] INFO:colcon.colcon_core.shell:Creating prefix util module '/home/iacos/project_iacos/prius_description/install/_local_setup_util_ps1.py'
[0.356s] INFO:colcon.colcon_core.shell:Creating prefix chain script '/home/iacos/project_iacos/prius_description/install/setup.ps1'
[0.357s] INFO:colcon.colcon_core.shell:Creating prefix script '/home/iacos/project_iacos/prius_description/install/local_setup.sh'
[0.357s] INFO:colcon.colcon_core.shell:Creating prefix util module '/home/iacos/project_iacos/prius_description/install/_local_setup_util_sh.py'
[0.358s] INFO:colcon.colcon_core.shell:Creating prefix chain script '/home/iacos/project_iacos/prius_description/install/setup.sh'
[0.358s] INFO:colcon.colcon_core.shell:Creating prefix script '/home/iacos/project_iacos/prius_description/install/local_setup.bash'
[0.359s] INFO:colcon.colcon_core.shell:Creating prefix chain script '/home/iacos/project_iacos/prius_description/install/setup.bash'
[0.360s] INFO:colcon.colcon_core.shell:Creating prefix script '/home/iacos/project_iacos/prius_description/install/local_setup.zsh'
[0.360s] INFO:colcon.colcon_core.shell:Creating prefix chain script '/home/iacos/project_iacos/prius_description/install/setup.zsh'
