[0.118s] DEBUG:colcon:Command line arguments: ['/usr/bin/colcon', 'build']
[0.118s] DEBUG:colcon:Parsed command line arguments: Namespace(ament_cmake_args=None, base_paths=['.'], build_base='build', catkin_cmake_args=None, catkin_skip_building_tests=False, cmake_args=['-DCMAKE_BUILD_TYPE=RelWithDebInfo'], cmake_clean_cache=False, cmake_clean_first=False, cmake_force_configure=False, cmake_target=None, cmake_target_skip_unavailable=False, continue_on_error=False, event_handlers=None, executor='parallel', ignore_user_meta=False, install_base='install', log_base=None, log_level=None, main=<bound method BuildVerb.main of <colcon_core.verb.build.BuildVerb object at 0x7fd318f09550>>, merge_install=False, metas=['./colcon.meta'], mixin=None, mixin_files=None, mixin_verb=('build',), packages_above=None, packages_above_and_dependencies=None, packages_above_depth=None, packages_end=None, packages_ignore=None, packages_ignore_regex=None, packages_select=None, packages_select_build_failed=False, packages_select_by_dep=None, packages_select_regex=None, packages_select_test_failures=False, packages_skip=None, packages_skip_build_finished=False, packages_skip_by_dep=None, packages_skip_regex=None, packages_skip_test_passed=False, packages_skip_up_to=None, packages_start=None, packages_up_to=None, packages_up_to_regex=None, parallel_workers=4, paths=None, symlink_install=False, test_result_base=None, verb_extension=<colcon_core.verb.build.BuildVerb object at 0x7fd318f09550>, verb_name='build', verb_parser=<colcon_mixin.mixin.mixin_argument.MixinArgumentDecorator object at 0x7fd318f09bb0>)
[0.135s] Level 1:colcon.colcon_core.package_discovery:discover_packages(colcon_meta) check parameters
[0.136s] Level 1:colcon.colcon_core.package_discovery:discover_packages(recursive) check parameters
[0.136s] Level 1:colcon.colcon_core.package_discovery:discover_packages(ignore) check parameters
[0.136s] Level 1:colcon.colcon_core.package_discovery:discover_packages(path) check parameters
[0.136s] Level 1:colcon.colcon_core.package_discovery:discover_packages(colcon_meta) discover
[0.136s] Level 1:colcon.colcon_core.package_discovery:discover_packages(recursive) discover
[0.136s] INFO:colcon.colcon_core.package_discovery:Crawling recursively for packages in '/home/iacos/project_iacos/prius_description'
[0.136s] Level 1:colcon.colcon_core.package_identification:_identify(.) by extensions ['ignore', 'ignore_ament_install']
[0.136s] Level 1:colcon.colcon_core.package_identification:_identify(.) by extension 'ignore'
[0.136s] Level 1:colcon.colcon_core.package_identification:_identify(.) by extension 'ignore_ament_install'
[0.137s] Level 1:colcon.colcon_core.package_identification:_identify(.) by extensions ['colcon_pkg']
[0.137s] Level 1:colcon.colcon_core.package_identification:_identify(.) by extension 'colcon_pkg'
[0.137s] Level 1:colcon.colcon_core.package_identification:_identify(.) by extensions ['colcon_meta']
[0.137s] Level 1:colcon.colcon_core.package_identification:_identify(.) by extension 'colcon_meta'
[0.137s] Level 1:colcon.colcon_core.package_identification:_identify(.) by extensions ['ros']
[0.137s] Level 1:colcon.colcon_core.package_identification:_identify(.) by extension 'ros'
[0.160s] DEBUG:colcon.colcon_core.package_identification:Package '.' with type 'ros.ament_cmake' and name 'prius_description'
[0.160s] Level 1:colcon.colcon_core.package_discovery:discover_packages(recursive) using defaults
[0.161s] Level 1:colcon.colcon_core.package_discovery:discover_packages(ignore) discover
[0.161s] Level 1:colcon.colcon_core.package_discovery:discover_packages(ignore) using defaults
[0.161s] Level 1:colcon.colcon_core.package_discovery:discover_packages(path) discover
[0.161s] Level 1:colcon.colcon_core.package_discovery:discover_packages(path) using defaults
[0.175s] Level 5:colcon.colcon_core.verb:set package 'prius_description' build argument 'cmake_args' from command line to '['-DCMAKE_BUILD_TYPE=RelWithDebInfo']'
[0.176s] Level 5:colcon.colcon_core.verb:set package 'prius_description' build argument 'cmake_target' from command line to 'None'
[0.176s] Level 5:colcon.colcon_core.verb:set package 'prius_description' build argument 'cmake_target_skip_unavailable' from command line to 'False'
[0.176s] Level 5:colcon.colcon_core.verb:set package 'prius_description' build argument 'cmake_clean_cache' from command line to 'False'
[0.176s] Level 5:colcon.colcon_core.verb:set package 'prius_description' build argument 'cmake_clean_first' from command line to 'False'
[0.176s] Level 5:colcon.colcon_core.verb:set package 'prius_description' build argument 'cmake_force_configure' from command line to 'False'
[0.176s] Level 5:colcon.colcon_core.verb:set package 'prius_description' build argument 'ament_cmake_args' from command line to 'None'
[0.176s] Level 5:colcon.colcon_core.verb:set package 'prius_description' build argument 'catkin_cmake_args' from command line to 'None'
[0.176s] Level 5:colcon.colcon_core.verb:set package 'prius_description' build argument 'catkin_skip_building_tests' from command line to 'False'
[0.176s] DEBUG:colcon.colcon_core.verb:Building package 'prius_description' with the following arguments: {'ament_cmake_args': None, 'build_base': '/home/iacos/project_iacos/prius_description/build/prius_description', 'catkin_cmake_args': None, 'catkin_skip_building_tests': False, 'cmake_args': ['-DCMAKE_BUILD_TYPE=RelWithDebInfo'], 'cmake_clean_cache': False, 'cmake_clean_first': False, 'cmake_force_configure': False, 'cmake_target': None, 'cmake_target_skip_unavailable': False, 'install_base': '/home/iacos/project_iacos/prius_description/install/prius_description', 'merge_install': False, 'path': '/home/iacos/project_iacos/prius_description', 'symlink_install': False, 'test_result_base': None}
[0.177s] INFO:colcon.colcon_core.executor:Executing jobs using 'parallel' executor
[0.180s] DEBUG:colcon.colcon_parallel_executor.executor.parallel:run_until_complete
[0.181s] INFO:colcon.colcon_ros.task.ament_cmake.build:Building ROS package in '/home/iacos/project_iacos/prius_description' with build type 'ament_cmake'
[0.181s] INFO:colcon.colcon_cmake.task.cmake.build:Building CMake package in '/home/iacos/project_iacos/prius_description'
[0.185s] INFO:colcon.colcon_core.plugin_system:Skipping extension 'colcon_core.shell.bat': Not used on non-Windows systems
[0.186s] INFO:colcon.colcon_core.shell:Skip shell extension 'powershell' for command environment: Not usable outside of PowerShell
[0.186s] DEBUG:colcon.colcon_core.shell:Skip shell extension 'dsv' for command environment
[0.205s] DEBUG:colcon.colcon_core.event_handler.log_command:Invoking command in '/home/iacos/project_iacos/prius_description/build/prius_description': CMAKE_PREFIX_PATH=/home/iacos/project_iacos/install/project_iacos:/opt/ros/foxy /usr/bin/cmake /home/iacos/project_iacos/prius_description -DCMAKE_BUILD_TYPE=RelWithDebInfo -DCMAKE_INSTALL_PREFIX=/home/iacos/project_iacos/prius_description/install/prius_description
[0.395s] DEBUG:colcon.colcon_core.event_handler.log_command:Invoked command in '/home/iacos/project_iacos/prius_description/build/prius_description' returned '1': CMAKE_PREFIX_PATH=/home/iacos/project_iacos/install/project_iacos:/opt/ros/foxy /usr/bin/cmake /home/iacos/project_iacos/prius_description -DCMAKE_BUILD_TYPE=RelWithDebInfo -DCMAKE_INSTALL_PREFIX=/home/iacos/project_iacos/prius_description/install/prius_description
[0.407s] Level 1:colcon.colcon_core.environment:create_environment_scripts_only(prius_description)
[0.413s] Level 1:colcon.colcon_core.environment:checking '/home/iacos/project_iacos/prius_description/install/prius_description' for CMake module files
[0.413s] Level 1:colcon.colcon_core.environment:checking '/home/iacos/project_iacos/prius_description/install/prius_description' for CMake config files
[0.414s] Level 1:colcon.colcon_core.environment:checking '/home/iacos/project_iacos/prius_description/install/prius_description/bin'
[0.415s] Level 1:colcon.colcon_core.environment:checking '/home/iacos/project_iacos/prius_description/install/prius_description/lib/pkgconfig/prius_description.pc'
[0.416s] Level 1:colcon.colcon_core.environment:checking '/home/iacos/project_iacos/prius_description/install/prius_description/lib/python3.8/site-packages'
[0.416s] Level 1:colcon.colcon_core.environment:checking '/home/iacos/project_iacos/prius_description/install/prius_description/bin'
[0.421s] INFO:colcon.colcon_core.shell:Creating package script '/home/iacos/project_iacos/prius_description/install/prius_description/share/prius_description/package.ps1'
[0.422s] INFO:colcon.colcon_core.shell:Creating package descriptor '/home/iacos/project_iacos/prius_description/install/prius_description/share/prius_description/package.dsv'
[0.422s] INFO:colcon.colcon_core.shell:Creating package script '/home/iacos/project_iacos/prius_description/install/prius_description/share/prius_description/package.sh'
[0.422s] INFO:colcon.colcon_core.shell:Creating package script '/home/iacos/project_iacos/prius_description/install/prius_description/share/prius_description/package.bash'
[0.423s] INFO:colcon.colcon_core.shell:Creating package script '/home/iacos/project_iacos/prius_description/install/prius_description/share/prius_description/package.zsh'
[0.423s] Level 1:colcon.colcon_core.environment:create_file_with_runtime_dependencies(/home/iacos/project_iacos/prius_description/install/prius_description/share/colcon-core/packages/prius_description)
[0.425s] DEBUG:colcon.colcon_parallel_executor.executor.parallel:closing loop
[0.425s] DEBUG:colcon.colcon_parallel_executor.executor.parallel:loop closed
[0.426s] DEBUG:colcon.colcon_parallel_executor.executor.parallel:run_until_complete finished with '1'
[0.426s] DEBUG:colcon.colcon_core.event_reactor:joining thread
[0.432s] INFO:colcon.colcon_core.plugin_system:Skipping extension 'colcon_notification.desktop_notification.notify_send': Could not find 'notify-send'
[0.432s] INFO:colcon.colcon_core.plugin_system:Skipping extension 'colcon_notification.desktop_notification.terminal_notifier': Not used on non-Darwin systems
[0.432s] INFO:colcon.colcon_core.plugin_system:Skipping extension 'colcon_notification.desktop_notification.win32': Not used on non-Windows systems
[0.432s] INFO:colcon.colcon_notification.desktop_notification:Sending desktop notification using 'notify2'
[0.438s] DEBUG:colcon.colcon_notification.desktop_notification.notify2:Failed to initialize notify2: org.freedesktop.DBus.Error.ServiceUnknown: The name org.freedesktop.Notifications was not provided by any .service files
[0.438s] DEBUG:colcon.colcon_core.event_reactor:joined thread
[0.440s] INFO:colcon.colcon_core.shell:Creating prefix script '/home/iacos/project_iacos/prius_description/install/local_setup.ps1'
[0.441s] INFO:colcon.colcon_core.shell:Creating prefix util module '/home/iacos/project_iacos/prius_description/install/_local_setup_util_ps1.py'
[0.442s] INFO:colcon.colcon_core.shell:Creating prefix chain script '/home/iacos/project_iacos/prius_description/install/setup.ps1'
[0.444s] INFO:colcon.colcon_core.shell:Creating prefix script '/home/iacos/project_iacos/prius_description/install/local_setup.sh'
[0.444s] INFO:colcon.colcon_core.shell:Creating prefix util module '/home/iacos/project_iacos/prius_description/install/_local_setup_util_sh.py'
[0.445s] INFO:colcon.colcon_core.shell:Creating prefix chain script '/home/iacos/project_iacos/prius_description/install/setup.sh'
[0.446s] INFO:colcon.colcon_core.shell:Creating prefix script '/home/iacos/project_iacos/prius_description/install/local_setup.bash'
[0.446s] INFO:colcon.colcon_core.shell:Creating prefix chain script '/home/iacos/project_iacos/prius_description/install/setup.bash'
[0.447s] INFO:colcon.colcon_core.shell:Creating prefix script '/home/iacos/project_iacos/prius_description/install/local_setup.zsh'
[0.448s] INFO:colcon.colcon_core.shell:Creating prefix chain script '/home/iacos/project_iacos/prius_description/install/setup.zsh'
